<?xml version="1.0" encoding="UTF-8"?>
<!-- Generated by org.testng.reporters.JUnitReportReporter -->
<testsuite hostname="DESKTOP-ED32DBB" failures="0" tests="5" name="testLayer.LoginTest" time="20.830" errors="0" timestamp="2023-09-06T15:04:20 EDT" skipped="0">
  <testcase classname="testLayer.LoginTest" name="emailinvalid" time="3.909"/>
  <testcase classname="testLayer.LoginTest" name="emailinvalid" time="4.971"/>
  <testcase classname="testLayer.LoginTest" name="emailinvalid" time="3.873"/>
  <testcase classname="testLayer.LoginTest" name="emailinvalid" time="4.131"/>
  <testcase classname="testLayer.LoginTest" name="emailinvalid" time="3.946"/>
</testsuite> <!-- testLayer.LoginTest -->
