<?xml version="1.0" encoding="UTF-8"?>
<!-- Generated by org.testng.reporters.JUnitReportReporter -->
<testsuite hostname="DESKTOP-ED32DBB" failures="0" tests="1" name="testLayer.HomepageTest" time="12.548" errors="0" timestamp="2023-09-06T18:29:12 EDT" skipped="0">
  <testcase classname="testLayer.HomepageTest" name="pagination" time="12.548"/>
</testsuite> <!-- testLayer.HomepageTest -->
