<?xml version="1.0" encoding="UTF-8"?>
<!-- Generated by org.testng.reporters.JUnitReportReporter -->
<testsuite hostname="DESKTOP-ED32DBB" failures="0" tests="1" name="testLayer.YouraccTest" time="8.860" errors="0" timestamp="2023-08-29T16:39:35 EDT" skipped="0">
  <testcase classname="testLayer.YouraccTest" name="navigation" time="8.860"/>
</testsuite> <!-- testLayer.YouraccTest -->
