<?xml version="1.0" encoding="UTF-8"?>
<!-- Generated by org.testng.reporters.JUnitReportReporter -->
<testsuite hostname="DESKTOP-ED32DBB" failures="0" tests="1" name="testLayer.YouraddrTest" time="14.080" errors="0" timestamp="2023-09-06T12:23:16 EDT" skipped="0">
  <testcase classname="testLayer.YouraddrTest" name="addresswindow" time="14.080"/>
</testsuite> <!-- testLayer.YouraddrTest -->
