<?xml version="1.0" encoding="UTF-8"?>
<!-- Generated by org.testng.reporters.JUnitReportReporter -->
<testsuite hostname="DESKTOP-ED32DBB" failures="0" tests="1" name="testLayer.ShoppingcartTest" time="63.021" errors="0" timestamp="2023-09-05T18:49:43 EDT" skipped="0">
  <testcase classname="testLayer.ShoppingcartTest" name="itemhold" time="63.021"/>
</testsuite> <!-- testLayer.ShoppingcartTest -->
