<?xml version="1.0" encoding="UTF-8"?>
<!-- Generated by org.testng.reporters.JUnitReportReporter -->
<testsuite hostname="DESKTOP-ED32DBB" failures="0" tests="1" name="testLayer.YourordersTest" time="10.246" errors="0" timestamp="2023-09-06T13:26:34 EDT" skipped="0">
  <testcase classname="testLayer.YourordersTest" name="orderhistory" time="10.246"/>
</testsuite> <!-- testLayer.YourordersTest -->
