<?xml version="1.0" encoding="UTF-8"?>
<!-- Generated by org.testng.reporters.JUnitReportReporter -->
<testsuite hostname="DESKTOP-ED32DBB" failures="0" tests="1" name="testLayer.SecurityTest" time="22.450" errors="0" timestamp="2023-08-31T17:18:22 EDT" skipped="0">
  <testcase classname="testLayer.SecurityTest" name="logininfo" time="22.450"/>
</testsuite> <!-- testLayer.SecurityTest -->
